<?xml version="1.0" encoding="UTF-8"?>
<!-- Generated by org.testng.reporters.JUnitReportReporter -->
<testsuite hostname="LAPTOP-FRFRGCHU" failures="0" tests="2" name="com.acti.testcase.TaskPageTest" time="31.120" errors="0" timestamp="2023-04-19T14:12:02 EDT" skipped="0">
  <testcase classname="com.acti.testcase.TaskPageTest" name="addNewCustomer" time="12.112"/>
  <system-out/>
  <testcase classname="com.acti.testcase.TaskPageTest" name="deletecustomer" time="19.008"/>
  <system-out/>
</testsuite> <!-- com.acti.testcase.TaskPageTest -->
