<?xml version="1.0" encoding="UTF-8"?>
<!-- Generated by org.testng.reporters.JUnitReportReporter -->
<testsuite hostname="LAPTOP-FRFRGCHU" failures="0" tests="5" name="com.acti.testcase.LoginPageTest" time="13.128" errors="0" timestamp="2023-04-15T16:42:59 EDT" skipped="1">
  <testcase classname="com.acti.testcase.LoginPageTest" name="T1_LoginPageTitle" time="4.205"/>
  <system-out/>
  <testcase classname="com.acti.testcase.LoginPageTest" name="T2_ActiLogoDisplayed" time="2.945"/>
  <system-out/>
  <testcase classname="com.acti.testcase.LoginPageTest" name="T3_testActiLinkDisplayes" time="2.907"/>
  <system-out/>
  <testcase classname="com.acti.testcase.LoginPageTest" name="T5_testLoginNegativeFunction" time="3.071"/>
  <system-out/>
  <testcase classname="com.acti.testcase.LoginPageTest" name="T4_testLoginFunction">
    <skipped/>
  </testcase> <!-- T4_testLoginFunction -->
  <system-out/>
</testsuite> <!-- com.acti.testcase.LoginPageTest -->
