<?xml version="1.0" encoding="UTF-8"?>
<!-- Generated by org.testng.reporters.JUnitReportReporter -->
<testsuite hostname="LAPTOP-FRFRGCHU" failures="0" tests="1" name="com.acti.driver.DriverManager" time="6.757" errors="0" timestamp="2023-08-15T11:39:54 EDT" skipped="0">
  <testcase classname="com.acti.driver.DriverManager" name="initApplication" time="6.757"/>
  <system-out/>
</testsuite> <!-- com.acti.driver.DriverManager -->
