<?xml version="1.0" encoding="UTF-8"?>
<!-- Generated by org.testng.reporters.JUnitReportReporter -->
<testsuite hostname="LAPTOP-FRFRGCHU" failures="0" tests="1" name="com.acti.testcase.EnterTimePageTest" time="9.936" errors="0" timestamp="2023-04-17T09:46:34 EDT" skipped="0">
  <testcase classname="com.acti.testcase.EnterTimePageTest" name="addNewCustomer" time="9.936"/>
  <system-out/>
</testsuite> <!-- com.acti.testcase.EnterTimePageTest -->
